<?xml version="1.0" encoding="UTF-8"?>
<coverage generated="1637505845281" clover="3.2.0">
  <project timestamp="1637505845281" name="All files">
    <metrics statements="41" coveredstatements="39" conditionals="27" coveredconditionals="24" methods="4" coveredmethods="4" elements="72" coveredelements="67" complexity="0" loc="41" ncloc="41" packages="1" files="2" classes="2"/>
    <file name="check.mjs" path="/home/askk/Documents/rsshool/nodejs/ciphering-cli-tool/lib/check.mjs">
      <metrics statements="8" coveredstatements="8" conditionals="2" coveredconditionals="1" methods="3" coveredmethods="3"/>
      <line num="4" count="1" type="stmt"/>
      <line num="5" count="1" type="stmt"/>
      <line num="6" count="1" type="stmt"/>
      <line num="8" count="1" type="stmt"/>
      <line num="9" count="1" type="cond" truecount="1" falsecount="1"/>
      <line num="10" count="1" type="stmt"/>
      <line num="14" count="1" type="stmt"/>
      <line num="18" count="2" type="stmt"/>
    </file>
    <file name="getProps.mjs" path="/home/askk/Documents/rsshool/nodejs/ciphering-cli-tool/lib/getProps.mjs">
      <metrics statements="33" coveredstatements="31" conditionals="25" coveredconditionals="23" methods="1" coveredmethods="1"/>
      <line num="3" count="8" type="stmt"/>
      <line num="7" count="8" type="cond" truecount="2" falsecount="0"/>
      <line num="8" count="1" type="stmt"/>
      <line num="11" count="7" type="stmt"/>
      <line num="13" count="7" type="stmt"/>
      <line num="14" count="38" type="stmt"/>
      <line num="15" count="38" type="cond" truecount="7" falsecount="0"/>
      <line num="18" count="7" type="cond" truecount="2" falsecount="0"/>
      <line num="19" count="1" type="stmt"/>
      <line num="21" count="7" type="stmt"/>
      <line num="22" count="7" type="stmt"/>
      <line num="23" count="7" type="stmt"/>
      <line num="27" count="6" type="cond" truecount="2" falsecount="0"/>
      <line num="28" count="1" type="stmt"/>
      <line num="30" count="6" type="stmt"/>
      <line num="31" count="6" type="stmt"/>
      <line num="32" count="6" type="stmt"/>
      <line num="36" count="6" type="cond" truecount="2" falsecount="0"/>
      <line num="37" count="1" type="stmt"/>
      <line num="39" count="6" type="stmt"/>
      <line num="40" count="6" type="stmt"/>
      <line num="41" count="6" type="stmt"/>
      <line num="44" count="19" type="cond" truecount="3" falsecount="1"/>
      <line num="45" count="19" type="cond" truecount="2" falsecount="0"/>
      <line num="46" count="12" type="stmt"/>
      <line num="48" count="19" type="cond" truecount="2" falsecount="0"/>
      <line num="49" count="12" type="stmt"/>
      <line num="51" count="19" type="cond" truecount="1" falsecount="1"/>
      <line num="52" count="0" type="stmt"/>
      <line num="54" count="19" type="stmt"/>
      <line num="56" count="0" type="stmt"/>
      <line num="58" count="19" type="stmt"/>
      <line num="63" count="8" type="stmt"/>
    </file>
  </project>
</coverage>
