{"/home/askk/Documents/rsshool/nodejs/ciphering-cli-tool/lib/check.mjs": {"path":"/home/askk/Documents/rsshool/nodejs/ciphering-cli-tool/lib/check.mjs","statementMap":{"0":{"start":{"line":4,"column":22},"end":{"line":4,"column":51}},"1":{"start":{"line":5,"column":20},"end":{"line":5,"column":37}},"2":{"start":{"line":6,"column":20},"end":{"line":6,"column":24}},"3":{"start":{"line":8,"column":2},"end":{"line":12,"column":4}},"4":{"start":{"line":9,"column":4},"end":{"line":11,"column":5}},"5":{"start":{"line":10,"column":6},"end":{"line":10,"column":26}},"6":{"start":{"line":14,"column":2},"end":{"line":14,"column":21}},"7":{"start":{"line":18,"column":2},"end":{"line":18,"column":29}}},"fnMap":{"0":{"name":"checkConfig","decl":{"start":{"line":3,"column":9},"end":{"line":3,"column":20}},"loc":{"start":{"line":3,"column":29},"end":{"line":15,"column":1}},"line":3},"1":{"name":"(anonymous_1)","decl":{"start":{"line":8,"column":20},"end":{"line":8,"column":21}},"loc":{"start":{"line":8,"column":29},"end":{"line":12,"column":3}},"line":8},"2":{"name":"checkExistFile","decl":{"start":{"line":17,"column":9},"end":{"line":17,"column":23}},"loc":{"start":{"line":17,"column":30},"end":{"line":19,"column":1}},"line":17}},"branchMap":{"0":{"loc":{"start":{"line":9,"column":4},"end":{"line":11,"column":5}},"type":"if","locations":[{"start":{"line":9,"column":4},"end":{"line":11,"column":5}},{"start":{},"end":{}}],"line":9}},"s":{"0":1,"1":1,"2":1,"3":1,"4":1,"5":1,"6":1,"7":2},"f":{"0":1,"1":1,"2":2},"b":{"0":[1,0]},"_coverageSchema":"1a1c01bbd47fc00a2c39e90264f33305004495a9","hash":"a788b1d6f369e47464feacb7756e9adb24208a90"}
,"/home/askk/Documents/rsshool/nodejs/ciphering-cli-tool/lib/getProps.mjs": {"path":"/home/askk/Documents/rsshool/nodejs/ciphering-cli-tool/lib/getProps.mjs","statementMap":{"0":{"start":{"line":3,"column":18},"end":{"line":5,"column":3}},"1":{"start":{"line":7,"column":2},"end":{"line":61,"column":3}},"2":{"start":{"line":8,"column":4},"end":{"line":8,"column":41}},"3":{"start":{"line":11,"column":21},"end":{"line":11,"column":23}},"4":{"start":{"line":13,"column":4},"end":{"line":60,"column":5}},"5":{"start":{"line":13,"column":17},"end":{"line":13,"column":18}},"6":{"start":{"line":14,"column":21},"end":{"line":14,"column":34}},"7":{"start":{"line":15,"column":6},"end":{"line":59,"column":7}},"8":{"start":{"line":18,"column":10},"end":{"line":20,"column":11}},"9":{"start":{"line":19,"column":12},"end":{"line":19,"column":55}},"10":{"start":{"line":21,"column":10},"end":{"line":21,"column":35}},"11":{"start":{"line":22,"column":10},"end":{"line":22,"column":32}},"12":{"start":{"line":23,"column":10},"end":{"line":23,"column":16}},"13":{"start":{"line":27,"column":10},"end":{"line":29,"column":11}},"14":{"start":{"line":28,"column":12},"end":{"line":28,"column":55}},"15":{"start":{"line":30,"column":10},"end":{"line":30,"column":34}},"16":{"start":{"line":31,"column":10},"end":{"line":31,"column":31}},"17":{"start":{"line":32,"column":10},"end":{"line":32,"column":16}},"18":{"start":{"line":36,"column":10},"end":{"line":38,"column":11}},"19":{"start":{"line":37,"column":12},"end":{"line":37,"column":55}},"20":{"start":{"line":39,"column":10},"end":{"line":39,"column":35}},"21":{"start":{"line":40,"column":10},"end":{"line":40,"column":32}},"22":{"start":{"line":41,"column":10},"end":{"line":41,"column":16}},"23":{"start":{"line":44,"column":10},"end":{"line":57,"column":11}},"24":{"start":{"line":45,"column":12},"end":{"line":47,"column":13}},"25":{"start":{"line":46,"column":14},"end":{"line":46,"column":39}},"26":{"start":{"line":48,"column":12},"end":{"line":50,"column":13}},"27":{"start":{"line":49,"column":14},"end":{"line":49,"column":43}},"28":{"start":{"line":51,"column":12},"end":{"line":53,"column":13}},"29":{"start":{"line":52,"column":14},"end":{"line":52,"column":28}},"30":{"start":{"line":54,"column":12},"end":{"line":54,"column":41}},"31":{"start":{"line":56,"column":12},"end":{"line":56,"column":52}},"32":{"start":{"line":58,"column":10},"end":{"line":58,"column":16}},"33":{"start":{"line":63,"column":2},"end":{"line":63,"column":17}}},"fnMap":{"0":{"name":"getOptions","decl":{"start":{"line":1,"column":9},"end":{"line":1,"column":19}},"loc":{"start":{"line":1,"column":32},"end":{"line":64,"column":1}},"line":1}},"branchMap":{"0":{"loc":{"start":{"line":7,"column":2},"end":{"line":61,"column":3}},"type":"if","locations":[{"start":{"line":7,"column":2},"end":{"line":61,"column":3}},{"start":{"line":9,"column":9},"end":{"line":61,"column":3}}],"line":7},"1":{"loc":{"start":{"line":15,"column":6},"end":{"line":59,"column":7}},"type":"switch","locations":[{"start":{"line":16,"column":8},"end":{"line":16,"column":18}},{"start":{"line":17,"column":8},"end":{"line":23,"column":16}},{"start":{"line":25,"column":8},"end":{"line":25,"column":18}},{"start":{"line":26,"column":8},"end":{"line":32,"column":16}},{"start":{"line":34,"column":8},"end":{"line":34,"column":18}},{"start":{"line":35,"column":8},"end":{"line":41,"column":16}},{"start":{"line":43,"column":8},"end":{"line":58,"column":16}}],"line":15},"2":{"loc":{"start":{"line":18,"column":10},"end":{"line":20,"column":11}},"type":"if","locations":[{"start":{"line":18,"column":10},"end":{"line":20,"column":11}},{"start":{},"end":{}}],"line":18},"3":{"loc":{"start":{"line":27,"column":10},"end":{"line":29,"column":11}},"type":"if","locations":[{"start":{"line":27,"column":10},"end":{"line":29,"column":11}},{"start":{},"end":{}}],"line":27},"4":{"loc":{"start":{"line":36,"column":10},"end":{"line":38,"column":11}},"type":"if","locations":[{"start":{"line":36,"column":10},"end":{"line":38,"column":11}},{"start":{},"end":{}}],"line":36},"5":{"loc":{"start":{"line":44,"column":10},"end":{"line":57,"column":11}},"type":"if","locations":[{"start":{"line":44,"column":10},"end":{"line":57,"column":11}},{"start":{"line":55,"column":17},"end":{"line":57,"column":11}}],"line":44},"6":{"loc":{"start":{"line":44,"column":14},"end":{"line":44,"column":48}},"type":"binary-expr","locations":[{"start":{"line":44,"column":14},"end":{"line":44,"column":34}},{"start":{"line":44,"column":38},"end":{"line":44,"column":48}}],"line":44},"7":{"loc":{"start":{"line":45,"column":12},"end":{"line":47,"column":13}},"type":"if","locations":[{"start":{"line":45,"column":12},"end":{"line":47,"column":13}},{"start":{},"end":{}}],"line":45},"8":{"loc":{"start":{"line":48,"column":12},"end":{"line":50,"column":13}},"type":"if","locations":[{"start":{"line":48,"column":12},"end":{"line":50,"column":13}},{"start":{},"end":{}}],"line":48},"9":{"loc":{"start":{"line":51,"column":12},"end":{"line":53,"column":13}},"type":"if","locations":[{"start":{"line":51,"column":12},"end":{"line":53,"column":13}},{"start":{},"end":{}}],"line":51}},"s":{"0":8,"1":8,"2":1,"3":7,"4":7,"5":7,"6":38,"7":38,"8":7,"9":1,"10":7,"11":7,"12":7,"13":6,"14":1,"15":6,"16":6,"17":6,"18":6,"19":1,"20":6,"21":6,"22":6,"23":19,"24":19,"25":12,"26":19,"27":12,"28":19,"29":0,"30":19,"31":0,"32":19,"33":8},"f":{"0":8},"b":{"0":[1,7],"1":[7,7,5,6,5,6,19],"2":[1,6],"3":[1,5],"4":[1,5],"5":[19,0],"6":[19,19],"7":[12,7],"8":[12,7],"9":[0,19]},"_coverageSchema":"1a1c01bbd47fc00a2c39e90264f33305004495a9","hash":"2616bd789ff30978bd3d0d278ecf196f4615c077"}
,"/home/askk/Documents/rsshool/nodejs/ciphering-cli-tool/lib/streams.mjs": {"path":"/home/askk/Documents/rsshool/nodejs/ciphering-cli-tool/lib/streams.mjs","statementMap":{"0":{"start":{"line":6,"column":4},"end":{"line":6,"column":12}},"1":{"start":{"line":7,"column":4},"end":{"line":7,"column":29}},"2":{"start":{"line":8,"column":4},"end":{"line":8,"column":19}},"3":{"start":{"line":11,"column":4},"end":{"line":18,"column":7}},"4":{"start":{"line":12,"column":6},"end":{"line":17,"column":7}},"5":{"start":{"line":13,"column":8},"end":{"line":13,"column":22}},"6":{"start":{"line":15,"column":8},"end":{"line":15,"column":21}},"7":{"start":{"line":16,"column":8},"end":{"line":16,"column":19}},"8":{"start":{"line":21,"column":16},"end":{"line":21,"column":31}},"9":{"start":{"line":22,"column":4},"end":{"line":28,"column":7}},"10":{"start":{"line":23,"column":6},"end":{"line":27,"column":7}},"11":{"start":{"line":24,"column":8},"end":{"line":24,"column":26}},"12":{"start":{"line":26,"column":8},"end":{"line":26,"column":66}},"13":{"start":{"line":31,"column":4},"end":{"line":35,"column":5}},"14":{"start":{"line":32,"column":6},"end":{"line":32,"column":53}},"15":{"start":{"line":32,"column":32},"end":{"line":32,"column":51}},"16":{"start":{"line":34,"column":6},"end":{"line":34,"column":20}},"17":{"start":{"line":42,"column":4},"end":{"line":42,"column":12}},"18":{"start":{"line":43,"column":4},"end":{"line":43,"column":19}},"19":{"start":{"line":46,"column":23},"end":{"line":46,"column":128}},"20":{"start":{"line":47,"column":23},"end":{"line":47,"column":128}},"21":{"start":{"line":48,"column":17},"end":{"line":48,"column":45}},"22":{"start":{"line":49,"column":18},"end":{"line":49,"column":20}},"23":{"start":{"line":51,"column":4},"end":{"line":117,"column":5}},"24":{"start":{"line":53,"column":8},"end":{"line":63,"column":9}},"25":{"start":{"line":53,"column":21},"end":{"line":53,"column":22}},"26":{"start":{"line":54,"column":10},"end":{"line":62,"column":11}},"27":{"start":{"line":55,"column":29},"end":{"line":55,"column":56}},"28":{"start":{"line":56,"column":12},"end":{"line":56,"column":83}},"29":{"start":{"line":57,"column":17},"end":{"line":62,"column":11}},"30":{"start":{"line":58,"column":29},"end":{"line":58,"column":56}},"31":{"start":{"line":59,"column":12},"end":{"line":59,"column":83}},"32":{"start":{"line":61,"column":12},"end":{"line":61,"column":31}},"33":{"start":{"line":64,"column":8},"end":{"line":64,"column":14}},"34":{"start":{"line":66,"column":8},"end":{"line":76,"column":9}},"35":{"start":{"line":66,"column":21},"end":{"line":66,"column":22}},"36":{"start":{"line":67,"column":10},"end":{"line":75,"column":11}},"37":{"start":{"line":68,"column":29},"end":{"line":68,"column":56}},"38":{"start":{"line":69,"column":12},"end":{"line":69,"column":83}},"39":{"start":{"line":70,"column":17},"end":{"line":75,"column":11}},"40":{"start":{"line":71,"column":29},"end":{"line":71,"column":56}},"41":{"start":{"line":72,"column":12},"end":{"line":72,"column":83}},"42":{"start":{"line":74,"column":12},"end":{"line":74,"column":31}},"43":{"start":{"line":77,"column":8},"end":{"line":77,"column":14}},"44":{"start":{"line":79,"column":8},"end":{"line":89,"column":9}},"45":{"start":{"line":79,"column":21},"end":{"line":79,"column":22}},"46":{"start":{"line":80,"column":10},"end":{"line":88,"column":11}},"47":{"start":{"line":81,"column":29},"end":{"line":81,"column":56}},"48":{"start":{"line":82,"column":12},"end":{"line":82,"column":49}},"49":{"start":{"line":83,"column":17},"end":{"line":88,"column":11}},"50":{"start":{"line":84,"column":29},"end":{"line":84,"column":56}},"51":{"start":{"line":85,"column":12},"end":{"line":85,"column":49}},"52":{"start":{"line":87,"column":12},"end":{"line":87,"column":31}},"53":{"start":{"line":90,"column":8},"end":{"line":90,"column":14}},"54":{"start":{"line":92,"column":8},"end":{"line":102,"column":9}},"55":{"start":{"line":92,"column":21},"end":{"line":92,"column":22}},"56":{"start":{"line":93,"column":10},"end":{"line":101,"column":11}},"57":{"start":{"line":94,"column":29},"end":{"line":94,"column":56}},"58":{"start":{"line":95,"column":12},"end":{"line":95,"column":55}},"59":{"start":{"line":96,"column":17},"end":{"line":101,"column":11}},"60":{"start":{"line":97,"column":29},"end":{"line":97,"column":56}},"61":{"start":{"line":98,"column":12},"end":{"line":98,"column":55}},"62":{"start":{"line":100,"column":12},"end":{"line":100,"column":31}},"63":{"start":{"line":103,"column":8},"end":{"line":103,"column":14}},"64":{"start":{"line":105,"column":8},"end":{"line":115,"column":9}},"65":{"start":{"line":105,"column":21},"end":{"line":105,"column":22}},"66":{"start":{"line":106,"column":10},"end":{"line":114,"column":11}},"67":{"start":{"line":107,"column":29},"end":{"line":107,"column":56}},"68":{"start":{"line":108,"column":12},"end":{"line":108,"column":56}},"69":{"start":{"line":109,"column":17},"end":{"line":114,"column":11}},"70":{"start":{"line":110,"column":29},"end":{"line":110,"column":56}},"71":{"start":{"line":111,"column":12},"end":{"line":111,"column":56}},"72":{"start":{"line":113,"column":12},"end":{"line":113,"column":31}},"73":{"start":{"line":116,"column":8},"end":{"line":116,"column":14}},"74":{"start":{"line":119,"column":4},"end":{"line":119,"column":23}},"75":{"start":{"line":120,"column":4},"end":{"line":120,"column":9}}},"fnMap":{"0":{"name":"(anonymous_0)","decl":{"start":{"line":5,"column":2},"end":{"line":5,"column":3}},"loc":{"start":{"line":5,"column":24},"end":{"line":9,"column":3}},"line":5},"1":{"name":"(anonymous_1)","decl":{"start":{"line":10,"column":2},"end":{"line":10,"column":3}},"loc":{"start":{"line":10,"column":23},"end":{"line":19,"column":3}},"line":10},"2":{"name":"(anonymous_2)","decl":{"start":{"line":11,"column":27},"end":{"line":11,"column":28}},"loc":{"start":{"line":11,"column":40},"end":{"line":18,"column":5}},"line":11},"3":{"name":"(anonymous_3)","decl":{"start":{"line":20,"column":2},"end":{"line":20,"column":3}},"loc":{"start":{"line":20,"column":11},"end":{"line":29,"column":3}},"line":20},"4":{"name":"(anonymous_4)","decl":{"start":{"line":22,"column":38},"end":{"line":22,"column":39}},"loc":{"start":{"line":22,"column":58},"end":{"line":28,"column":5}},"line":22},"5":{"name":"(anonymous_5)","decl":{"start":{"line":30,"column":2},"end":{"line":30,"column":3}},"loc":{"start":{"line":30,"column":26},"end":{"line":36,"column":3}},"line":30},"6":{"name":"(anonymous_6)","decl":{"start":{"line":32,"column":24},"end":{"line":32,"column":25}},"loc":{"start":{"line":32,"column":32},"end":{"line":32,"column":51}},"line":32},"7":{"name":"(anonymous_7)","decl":{"start":{"line":41,"column":2},"end":{"line":41,"column":3}},"loc":{"start":{"line":41,"column":19},"end":{"line":44,"column":3}},"line":41},"8":{"name":"(anonymous_8)","decl":{"start":{"line":45,"column":2},"end":{"line":45,"column":3}},"loc":{"start":{"line":45,"column":28},"end":{"line":121,"column":3}},"line":45}},"branchMap":{"0":{"loc":{"start":{"line":12,"column":6},"end":{"line":17,"column":7}},"type":"if","locations":[{"start":{"line":12,"column":6},"end":{"line":17,"column":7}},{"start":{"line":14,"column":13},"end":{"line":17,"column":7}}],"line":12},"1":{"loc":{"start":{"line":23,"column":6},"end":{"line":27,"column":7}},"type":"if","locations":[{"start":{"line":23,"column":6},"end":{"line":27,"column":7}},{"start":{"line":25,"column":13},"end":{"line":27,"column":7}}],"line":23},"2":{"loc":{"start":{"line":26,"column":18},"end":{"line":26,"column":64}},"type":"cond-expr","locations":[{"start":{"line":26,"column":34},"end":{"line":26,"column":57}},{"start":{"line":26,"column":60},"end":{"line":26,"column":64}}],"line":26},"3":{"loc":{"start":{"line":31,"column":4},"end":{"line":35,"column":5}},"type":"if","locations":[{"start":{"line":31,"column":4},"end":{"line":35,"column":5}},{"start":{"line":33,"column":11},"end":{"line":35,"column":5}}],"line":31},"4":{"loc":{"start":{"line":32,"column":41},"end":{"line":32,"column":50}},"type":"binary-expr","locations":[{"start":{"line":32,"column":41},"end":{"line":32,"column":43}},{"start":{"line":32,"column":47},"end":{"line":32,"column":50}}],"line":32},"5":{"loc":{"start":{"line":51,"column":4},"end":{"line":117,"column":5}},"type":"switch","locations":[{"start":{"line":52,"column":6},"end":{"line":64,"column":14}},{"start":{"line":65,"column":6},"end":{"line":77,"column":14}},{"start":{"line":78,"column":6},"end":{"line":90,"column":14}},{"start":{"line":91,"column":6},"end":{"line":103,"column":14}},{"start":{"line":104,"column":6},"end":{"line":116,"column":14}}],"line":51},"6":{"loc":{"start":{"line":54,"column":10},"end":{"line":62,"column":11}},"type":"if","locations":[{"start":{"line":54,"column":10},"end":{"line":62,"column":11}},{"start":{"line":57,"column":17},"end":{"line":62,"column":11}}],"line":54},"7":{"loc":{"start":{"line":56,"column":23},"end":{"line":56,"column":82}},"type":"cond-expr","locations":[{"start":{"line":56,"column":42},"end":{"line":56,"column":55}},{"start":{"line":56,"column":58},"end":{"line":56,"column":82}}],"line":56},"8":{"loc":{"start":{"line":57,"column":17},"end":{"line":62,"column":11}},"type":"if","locations":[{"start":{"line":57,"column":17},"end":{"line":62,"column":11}},{"start":{"line":60,"column":17},"end":{"line":62,"column":11}}],"line":57},"9":{"loc":{"start":{"line":59,"column":23},"end":{"line":59,"column":82}},"type":"cond-expr","locations":[{"start":{"line":59,"column":42},"end":{"line":59,"column":55}},{"start":{"line":59,"column":58},"end":{"line":59,"column":82}}],"line":59},"10":{"loc":{"start":{"line":67,"column":10},"end":{"line":75,"column":11}},"type":"if","locations":[{"start":{"line":67,"column":10},"end":{"line":75,"column":11}},{"start":{"line":70,"column":17},"end":{"line":75,"column":11}}],"line":67},"11":{"loc":{"start":{"line":69,"column":23},"end":{"line":69,"column":82}},"type":"cond-expr","locations":[{"start":{"line":69,"column":41},"end":{"line":69,"column":55}},{"start":{"line":69,"column":58},"end":{"line":69,"column":82}}],"line":69},"12":{"loc":{"start":{"line":70,"column":17},"end":{"line":75,"column":11}},"type":"if","locations":[{"start":{"line":70,"column":17},"end":{"line":75,"column":11}},{"start":{"line":73,"column":17},"end":{"line":75,"column":11}}],"line":70},"13":{"loc":{"start":{"line":72,"column":23},"end":{"line":72,"column":82}},"type":"cond-expr","locations":[{"start":{"line":72,"column":41},"end":{"line":72,"column":55}},{"start":{"line":72,"column":58},"end":{"line":72,"column":82}}],"line":72},"14":{"loc":{"start":{"line":80,"column":10},"end":{"line":88,"column":11}},"type":"if","locations":[{"start":{"line":80,"column":10},"end":{"line":88,"column":11}},{"start":{"line":83,"column":17},"end":{"line":88,"column":11}}],"line":80},"15":{"loc":{"start":{"line":83,"column":17},"end":{"line":88,"column":11}},"type":"if","locations":[{"start":{"line":83,"column":17},"end":{"line":88,"column":11}},{"start":{"line":86,"column":17},"end":{"line":88,"column":11}}],"line":83},"16":{"loc":{"start":{"line":93,"column":10},"end":{"line":101,"column":11}},"type":"if","locations":[{"start":{"line":93,"column":10},"end":{"line":101,"column":11}},{"start":{"line":96,"column":17},"end":{"line":101,"column":11}}],"line":93},"17":{"loc":{"start":{"line":96,"column":17},"end":{"line":101,"column":11}},"type":"if","locations":[{"start":{"line":96,"column":17},"end":{"line":101,"column":11}},{"start":{"line":99,"column":17},"end":{"line":101,"column":11}}],"line":96},"18":{"loc":{"start":{"line":106,"column":10},"end":{"line":114,"column":11}},"type":"if","locations":[{"start":{"line":106,"column":10},"end":{"line":114,"column":11}},{"start":{"line":109,"column":17},"end":{"line":114,"column":11}}],"line":106},"19":{"loc":{"start":{"line":109,"column":17},"end":{"line":114,"column":11}},"type":"if","locations":[{"start":{"line":109,"column":17},"end":{"line":114,"column":11}},{"start":{"line":112,"column":17},"end":{"line":114,"column":11}}],"line":109}},"s":{"0":1,"1":1,"2":1,"3":0,"4":0,"5":0,"6":0,"7":0,"8":0,"9":0,"10":0,"11":0,"12":0,"13":0,"14":0,"15":0,"16":0,"17":1,"18":1,"19":0,"20":0,"21":0,"22":0,"23":0,"24":0,"25":0,"26":0,"27":0,"28":0,"29":0,"30":0,"31":0,"32":0,"33":0,"34":0,"35":0,"36":0,"37":0,"38":0,"39":0,"40":0,"41":0,"42":0,"43":0,"44":0,"45":0,"46":0,"47":0,"48":0,"49":0,"50":0,"51":0,"52":0,"53":0,"54":0,"55":0,"56":0,"57":0,"58":0,"59":0,"60":0,"61":0,"62":0,"63":0,"64":0,"65":0,"66":0,"67":0,"68":0,"69":0,"70":0,"71":0,"72":0,"73":0,"74":0,"75":0},"f":{"0":1,"1":0,"2":0,"3":0,"4":0,"5":0,"6":0,"7":1,"8":0},"b":{"0":[0,0],"1":[0,0],"2":[0,0],"3":[0,0],"4":[0,0],"5":[0,0,0,0,0],"6":[0,0],"7":[0,0],"8":[0,0],"9":[0,0],"10":[0,0],"11":[0,0],"12":[0,0],"13":[0,0],"14":[0,0],"15":[0,0],"16":[0,0],"17":[0,0],"18":[0,0],"19":[0,0]},"_coverageSchema":"1a1c01bbd47fc00a2c39e90264f33305004495a9","hash":"e68761be308142519208bb69e219162130c013aa"}
}
