{"/home/askk/Documents/rsshool/nodejs/ciphering-cli-tool/lib/check.mjs": {"path":"/home/askk/Documents/rsshool/nodejs/ciphering-cli-tool/lib/check.mjs","statementMap":{"0":{"start":{"line":4,"column":22},"end":{"line":4,"column":51}},"1":{"start":{"line":5,"column":20},"end":{"line":5,"column":37}},"2":{"start":{"line":6,"column":20},"end":{"line":6,"column":24}},"3":{"start":{"line":8,"column":2},"end":{"line":12,"column":4}},"4":{"start":{"line":9,"column":4},"end":{"line":11,"column":5}},"5":{"start":{"line":10,"column":6},"end":{"line":10,"column":26}},"6":{"start":{"line":14,"column":2},"end":{"line":14,"column":21}},"7":{"start":{"line":18,"column":2},"end":{"line":18,"column":29}}},"fnMap":{"0":{"name":"checkConfig","decl":{"start":{"line":3,"column":9},"end":{"line":3,"column":20}},"loc":{"start":{"line":3,"column":29},"end":{"line":15,"column":1}},"line":3},"1":{"name":"(anonymous_1)","decl":{"start":{"line":8,"column":20},"end":{"line":8,"column":21}},"loc":{"start":{"line":8,"column":29},"end":{"line":12,"column":3}},"line":8},"2":{"name":"checkExistFile","decl":{"start":{"line":17,"column":9},"end":{"line":17,"column":23}},"loc":{"start":{"line":17,"column":30},"end":{"line":19,"column":1}},"line":17}},"branchMap":{"0":{"loc":{"start":{"line":9,"column":4},"end":{"line":11,"column":5}},"type":"if","locations":[{"start":{"line":9,"column":4},"end":{"line":11,"column":5}},{"start":{},"end":{}}],"line":9}},"s":{"0":2,"1":2,"2":2,"3":2,"4":2,"5":1,"6":2,"7":2},"f":{"0":2,"1":2,"2":2},"b":{"0":[1,1]},"_coverageSchema":"1a1c01bbd47fc00a2c39e90264f33305004495a9","hash":"a788b1d6f369e47464feacb7756e9adb24208a90"}
,"/home/askk/Documents/rsshool/nodejs/ciphering-cli-tool/lib/getProps.mjs": {"path":"/home/askk/Documents/rsshool/nodejs/ciphering-cli-tool/lib/getProps.mjs","statementMap":{"0":{"start":{"line":3,"column":18},"end":{"line":5,"column":3}},"1":{"start":{"line":7,"column":2},"end":{"line":61,"column":3}},"2":{"start":{"line":8,"column":4},"end":{"line":8,"column":41}},"3":{"start":{"line":11,"column":21},"end":{"line":11,"column":23}},"4":{"start":{"line":13,"column":4},"end":{"line":60,"column":5}},"5":{"start":{"line":13,"column":17},"end":{"line":13,"column":18}},"6":{"start":{"line":14,"column":21},"end":{"line":14,"column":34}},"7":{"start":{"line":15,"column":6},"end":{"line":59,"column":7}},"8":{"start":{"line":18,"column":10},"end":{"line":20,"column":11}},"9":{"start":{"line":19,"column":12},"end":{"line":19,"column":55}},"10":{"start":{"line":21,"column":10},"end":{"line":21,"column":35}},"11":{"start":{"line":22,"column":10},"end":{"line":22,"column":32}},"12":{"start":{"line":23,"column":10},"end":{"line":23,"column":16}},"13":{"start":{"line":27,"column":10},"end":{"line":29,"column":11}},"14":{"start":{"line":28,"column":12},"end":{"line":28,"column":55}},"15":{"start":{"line":30,"column":10},"end":{"line":30,"column":34}},"16":{"start":{"line":31,"column":10},"end":{"line":31,"column":31}},"17":{"start":{"line":32,"column":10},"end":{"line":32,"column":16}},"18":{"start":{"line":36,"column":10},"end":{"line":38,"column":11}},"19":{"start":{"line":37,"column":12},"end":{"line":37,"column":55}},"20":{"start":{"line":39,"column":10},"end":{"line":39,"column":35}},"21":{"start":{"line":40,"column":10},"end":{"line":40,"column":32}},"22":{"start":{"line":41,"column":10},"end":{"line":41,"column":16}},"23":{"start":{"line":44,"column":10},"end":{"line":57,"column":11}},"24":{"start":{"line":45,"column":12},"end":{"line":47,"column":13}},"25":{"start":{"line":46,"column":14},"end":{"line":46,"column":39}},"26":{"start":{"line":48,"column":12},"end":{"line":50,"column":13}},"27":{"start":{"line":49,"column":14},"end":{"line":49,"column":43}},"28":{"start":{"line":51,"column":12},"end":{"line":53,"column":13}},"29":{"start":{"line":52,"column":14},"end":{"line":52,"column":28}},"30":{"start":{"line":54,"column":12},"end":{"line":54,"column":41}},"31":{"start":{"line":56,"column":12},"end":{"line":56,"column":52}},"32":{"start":{"line":58,"column":10},"end":{"line":58,"column":16}},"33":{"start":{"line":63,"column":2},"end":{"line":63,"column":17}}},"fnMap":{"0":{"name":"getOptions","decl":{"start":{"line":1,"column":9},"end":{"line":1,"column":19}},"loc":{"start":{"line":1,"column":32},"end":{"line":64,"column":1}},"line":1}},"branchMap":{"0":{"loc":{"start":{"line":7,"column":2},"end":{"line":61,"column":3}},"type":"if","locations":[{"start":{"line":7,"column":2},"end":{"line":61,"column":3}},{"start":{"line":9,"column":9},"end":{"line":61,"column":3}}],"line":7},"1":{"loc":{"start":{"line":15,"column":6},"end":{"line":59,"column":7}},"type":"switch","locations":[{"start":{"line":16,"column":8},"end":{"line":16,"column":18}},{"start":{"line":17,"column":8},"end":{"line":23,"column":16}},{"start":{"line":25,"column":8},"end":{"line":25,"column":18}},{"start":{"line":26,"column":8},"end":{"line":32,"column":16}},{"start":{"line":34,"column":8},"end":{"line":34,"column":18}},{"start":{"line":35,"column":8},"end":{"line":41,"column":16}},{"start":{"line":43,"column":8},"end":{"line":58,"column":16}}],"line":15},"2":{"loc":{"start":{"line":18,"column":10},"end":{"line":20,"column":11}},"type":"if","locations":[{"start":{"line":18,"column":10},"end":{"line":20,"column":11}},{"start":{},"end":{}}],"line":18},"3":{"loc":{"start":{"line":27,"column":10},"end":{"line":29,"column":11}},"type":"if","locations":[{"start":{"line":27,"column":10},"end":{"line":29,"column":11}},{"start":{},"end":{}}],"line":27},"4":{"loc":{"start":{"line":36,"column":10},"end":{"line":38,"column":11}},"type":"if","locations":[{"start":{"line":36,"column":10},"end":{"line":38,"column":11}},{"start":{},"end":{}}],"line":36},"5":{"loc":{"start":{"line":44,"column":10},"end":{"line":57,"column":11}},"type":"if","locations":[{"start":{"line":44,"column":10},"end":{"line":57,"column":11}},{"start":{"line":55,"column":17},"end":{"line":57,"column":11}}],"line":44},"6":{"loc":{"start":{"line":44,"column":14},"end":{"line":44,"column":48}},"type":"binary-expr","locations":[{"start":{"line":44,"column":14},"end":{"line":44,"column":34}},{"start":{"line":44,"column":38},"end":{"line":44,"column":48}}],"line":44},"7":{"loc":{"start":{"line":45,"column":12},"end":{"line":47,"column":13}},"type":"if","locations":[{"start":{"line":45,"column":12},"end":{"line":47,"column":13}},{"start":{},"end":{}}],"line":45},"8":{"loc":{"start":{"line":48,"column":12},"end":{"line":50,"column":13}},"type":"if","locations":[{"start":{"line":48,"column":12},"end":{"line":50,"column":13}},{"start":{},"end":{}}],"line":48},"9":{"loc":{"start":{"line":51,"column":12},"end":{"line":53,"column":13}},"type":"if","locations":[{"start":{"line":51,"column":12},"end":{"line":53,"column":13}},{"start":{},"end":{}}],"line":51}},"s":{"0":10,"1":10,"2":1,"3":9,"4":9,"5":9,"6":50,"7":50,"8":9,"9":1,"10":9,"11":9,"12":9,"13":8,"14":1,"15":8,"16":8,"17":8,"18":8,"19":1,"20":8,"21":8,"22":8,"23":25,"24":25,"25":17,"26":25,"27":17,"28":25,"29":1,"30":25,"31":0,"32":25,"33":10},"f":{"0":10},"b":{"0":[1,9],"1":[9,9,7,8,7,8,25],"2":[1,8],"3":[1,7],"4":[1,7],"5":[25,0],"6":[25,25],"7":[17,8],"8":[17,8],"9":[1,24]},"_coverageSchema":"1a1c01bbd47fc00a2c39e90264f33305004495a9","hash":"2616bd789ff30978bd3d0d278ecf196f4615c077"}
,"/home/askk/Documents/rsshool/nodejs/ciphering-cli-tool/lib/streams.mjs": {"path":"/home/askk/Documents/rsshool/nodejs/ciphering-cli-tool/lib/streams.mjs","statementMap":{"0":{"start":{"line":6,"column":4},"end":{"line":6,"column":12}},"1":{"start":{"line":7,"column":4},"end":{"line":7,"column":19}},"2":{"start":{"line":10,"column":23},"end":{"line":10,"column":128}},"3":{"start":{"line":11,"column":23},"end":{"line":11,"column":128}},"4":{"start":{"line":12,"column":17},"end":{"line":12,"column":45}},"5":{"start":{"line":13,"column":18},"end":{"line":13,"column":20}},"6":{"start":{"line":15,"column":4},"end":{"line":81,"column":5}},"7":{"start":{"line":17,"column":8},"end":{"line":27,"column":9}},"8":{"start":{"line":17,"column":21},"end":{"line":17,"column":22}},"9":{"start":{"line":18,"column":10},"end":{"line":26,"column":11}},"10":{"start":{"line":19,"column":29},"end":{"line":19,"column":56}},"11":{"start":{"line":20,"column":12},"end":{"line":20,"column":83}},"12":{"start":{"line":21,"column":17},"end":{"line":26,"column":11}},"13":{"start":{"line":22,"column":29},"end":{"line":22,"column":56}},"14":{"start":{"line":23,"column":12},"end":{"line":23,"column":83}},"15":{"start":{"line":25,"column":12},"end":{"line":25,"column":31}},"16":{"start":{"line":28,"column":8},"end":{"line":28,"column":14}},"17":{"start":{"line":30,"column":8},"end":{"line":40,"column":9}},"18":{"start":{"line":30,"column":21},"end":{"line":30,"column":22}},"19":{"start":{"line":31,"column":10},"end":{"line":39,"column":11}},"20":{"start":{"line":32,"column":29},"end":{"line":32,"column":56}},"21":{"start":{"line":33,"column":12},"end":{"line":33,"column":83}},"22":{"start":{"line":34,"column":17},"end":{"line":39,"column":11}},"23":{"start":{"line":35,"column":29},"end":{"line":35,"column":56}},"24":{"start":{"line":36,"column":12},"end":{"line":36,"column":83}},"25":{"start":{"line":38,"column":12},"end":{"line":38,"column":31}},"26":{"start":{"line":41,"column":8},"end":{"line":41,"column":14}},"27":{"start":{"line":43,"column":8},"end":{"line":53,"column":9}},"28":{"start":{"line":43,"column":21},"end":{"line":43,"column":22}},"29":{"start":{"line":44,"column":10},"end":{"line":52,"column":11}},"30":{"start":{"line":45,"column":29},"end":{"line":45,"column":56}},"31":{"start":{"line":46,"column":12},"end":{"line":46,"column":49}},"32":{"start":{"line":47,"column":17},"end":{"line":52,"column":11}},"33":{"start":{"line":48,"column":29},"end":{"line":48,"column":56}},"34":{"start":{"line":49,"column":12},"end":{"line":49,"column":49}},"35":{"start":{"line":51,"column":12},"end":{"line":51,"column":31}},"36":{"start":{"line":54,"column":8},"end":{"line":54,"column":14}},"37":{"start":{"line":56,"column":8},"end":{"line":66,"column":9}},"38":{"start":{"line":56,"column":21},"end":{"line":56,"column":22}},"39":{"start":{"line":57,"column":10},"end":{"line":65,"column":11}},"40":{"start":{"line":58,"column":29},"end":{"line":58,"column":56}},"41":{"start":{"line":59,"column":12},"end":{"line":59,"column":55}},"42":{"start":{"line":60,"column":17},"end":{"line":65,"column":11}},"43":{"start":{"line":61,"column":29},"end":{"line":61,"column":56}},"44":{"start":{"line":62,"column":12},"end":{"line":62,"column":55}},"45":{"start":{"line":64,"column":12},"end":{"line":64,"column":31}},"46":{"start":{"line":67,"column":8},"end":{"line":67,"column":14}},"47":{"start":{"line":69,"column":8},"end":{"line":79,"column":9}},"48":{"start":{"line":69,"column":21},"end":{"line":69,"column":22}},"49":{"start":{"line":70,"column":10},"end":{"line":78,"column":11}},"50":{"start":{"line":71,"column":29},"end":{"line":71,"column":56}},"51":{"start":{"line":72,"column":12},"end":{"line":72,"column":56}},"52":{"start":{"line":73,"column":17},"end":{"line":78,"column":11}},"53":{"start":{"line":74,"column":29},"end":{"line":74,"column":56}},"54":{"start":{"line":75,"column":12},"end":{"line":75,"column":56}},"55":{"start":{"line":77,"column":12},"end":{"line":77,"column":31}},"56":{"start":{"line":80,"column":8},"end":{"line":80,"column":14}},"57":{"start":{"line":83,"column":4},"end":{"line":83,"column":23}},"58":{"start":{"line":84,"column":4},"end":{"line":84,"column":9}}},"fnMap":{"0":{"name":"(anonymous_0)","decl":{"start":{"line":5,"column":2},"end":{"line":5,"column":3}},"loc":{"start":{"line":5,"column":19},"end":{"line":8,"column":3}},"line":5},"1":{"name":"(anonymous_1)","decl":{"start":{"line":9,"column":2},"end":{"line":9,"column":3}},"loc":{"start":{"line":9,"column":28},"end":{"line":85,"column":3}},"line":9}},"branchMap":{"0":{"loc":{"start":{"line":15,"column":4},"end":{"line":81,"column":5}},"type":"switch","locations":[{"start":{"line":16,"column":6},"end":{"line":28,"column":14}},{"start":{"line":29,"column":6},"end":{"line":41,"column":14}},{"start":{"line":42,"column":6},"end":{"line":54,"column":14}},{"start":{"line":55,"column":6},"end":{"line":67,"column":14}},{"start":{"line":68,"column":6},"end":{"line":80,"column":14}}],"line":15},"1":{"loc":{"start":{"line":18,"column":10},"end":{"line":26,"column":11}},"type":"if","locations":[{"start":{"line":18,"column":10},"end":{"line":26,"column":11}},{"start":{"line":21,"column":17},"end":{"line":26,"column":11}}],"line":18},"2":{"loc":{"start":{"line":20,"column":23},"end":{"line":20,"column":82}},"type":"cond-expr","locations":[{"start":{"line":20,"column":42},"end":{"line":20,"column":55}},{"start":{"line":20,"column":58},"end":{"line":20,"column":82}}],"line":20},"3":{"loc":{"start":{"line":21,"column":17},"end":{"line":26,"column":11}},"type":"if","locations":[{"start":{"line":21,"column":17},"end":{"line":26,"column":11}},{"start":{"line":24,"column":17},"end":{"line":26,"column":11}}],"line":21},"4":{"loc":{"start":{"line":23,"column":23},"end":{"line":23,"column":82}},"type":"cond-expr","locations":[{"start":{"line":23,"column":42},"end":{"line":23,"column":55}},{"start":{"line":23,"column":58},"end":{"line":23,"column":82}}],"line":23},"5":{"loc":{"start":{"line":31,"column":10},"end":{"line":39,"column":11}},"type":"if","locations":[{"start":{"line":31,"column":10},"end":{"line":39,"column":11}},{"start":{"line":34,"column":17},"end":{"line":39,"column":11}}],"line":31},"6":{"loc":{"start":{"line":33,"column":23},"end":{"line":33,"column":82}},"type":"cond-expr","locations":[{"start":{"line":33,"column":41},"end":{"line":33,"column":55}},{"start":{"line":33,"column":58},"end":{"line":33,"column":82}}],"line":33},"7":{"loc":{"start":{"line":34,"column":17},"end":{"line":39,"column":11}},"type":"if","locations":[{"start":{"line":34,"column":17},"end":{"line":39,"column":11}},{"start":{"line":37,"column":17},"end":{"line":39,"column":11}}],"line":34},"8":{"loc":{"start":{"line":36,"column":23},"end":{"line":36,"column":82}},"type":"cond-expr","locations":[{"start":{"line":36,"column":41},"end":{"line":36,"column":55}},{"start":{"line":36,"column":58},"end":{"line":36,"column":82}}],"line":36},"9":{"loc":{"start":{"line":44,"column":10},"end":{"line":52,"column":11}},"type":"if","locations":[{"start":{"line":44,"column":10},"end":{"line":52,"column":11}},{"start":{"line":47,"column":17},"end":{"line":52,"column":11}}],"line":44},"10":{"loc":{"start":{"line":47,"column":17},"end":{"line":52,"column":11}},"type":"if","locations":[{"start":{"line":47,"column":17},"end":{"line":52,"column":11}},{"start":{"line":50,"column":17},"end":{"line":52,"column":11}}],"line":47},"11":{"loc":{"start":{"line":57,"column":10},"end":{"line":65,"column":11}},"type":"if","locations":[{"start":{"line":57,"column":10},"end":{"line":65,"column":11}},{"start":{"line":60,"column":17},"end":{"line":65,"column":11}}],"line":57},"12":{"loc":{"start":{"line":60,"column":17},"end":{"line":65,"column":11}},"type":"if","locations":[{"start":{"line":60,"column":17},"end":{"line":65,"column":11}},{"start":{"line":63,"column":17},"end":{"line":65,"column":11}}],"line":60},"13":{"loc":{"start":{"line":70,"column":10},"end":{"line":78,"column":11}},"type":"if","locations":[{"start":{"line":70,"column":10},"end":{"line":78,"column":11}},{"start":{"line":73,"column":17},"end":{"line":78,"column":11}}],"line":70},"14":{"loc":{"start":{"line":73,"column":17},"end":{"line":78,"column":11}},"type":"if","locations":[{"start":{"line":73,"column":17},"end":{"line":78,"column":11}},{"start":{"line":76,"column":17},"end":{"line":78,"column":11}}],"line":73}},"s":{"0":11,"1":11,"2":10,"3":10,"4":10,"5":10,"6":10,"7":2,"8":2,"9":17,"10":2,"11":2,"12":15,"13":3,"14":3,"15":12,"16":2,"17":2,"18":2,"19":15,"20":1,"21":1,"22":14,"23":2,"24":2,"25":12,"26":2,"27":2,"28":2,"29":15,"30":1,"31":1,"32":14,"33":2,"34":2,"35":12,"36":2,"37":2,"38":2,"39":15,"40":1,"41":1,"42":14,"43":2,"44":2,"45":12,"46":2,"47":2,"48":2,"49":15,"50":1,"51":1,"52":14,"53":2,"54":2,"55":12,"56":2,"57":10,"58":10},"f":{"0":11,"1":10},"b":{"0":[2,2,2,2,2],"1":[2,15],"2":[0,2],"3":[3,12],"4":[0,3],"5":[1,14],"6":[0,1],"7":[2,12],"8":[0,2],"9":[1,14],"10":[2,12],"11":[1,14],"12":[2,12],"13":[1,14],"14":[2,12]},"_coverageSchema":"1a1c01bbd47fc00a2c39e90264f33305004495a9","hash":"f47d73d4a1ada29ef0f4fc66efd04bcc3812b410"}
}
