TN:
SF:lib/check.mjs
FN:3,checkConfig
FN:8,(anonymous_1)
FN:17,checkExistFile
FNF:3
FNH:3
FNDA:1,checkConfig
FNDA:1,(anonymous_1)
FNDA:2,checkExistFile
DA:4,1
DA:5,1
DA:6,1
DA:8,1
DA:9,1
DA:10,1
DA:14,1
DA:18,2
LF:8
LH:8
BRDA:9,0,0,1
BRDA:9,0,1,0
BRF:2
BRH:1
end_of_record
TN:
SF:lib/getProps.mjs
FN:1,getOptions
FNF:1
FNH:1
FNDA:8,getOptions
DA:3,8
DA:7,8
DA:8,1
DA:11,7
DA:13,7
DA:14,38
DA:15,38
DA:18,7
DA:19,1
DA:21,7
DA:22,7
DA:23,7
DA:27,6
DA:28,1
DA:30,6
DA:31,6
DA:32,6
DA:36,6
DA:37,1
DA:39,6
DA:40,6
DA:41,6
DA:44,19
DA:45,19
DA:46,12
DA:48,19
DA:49,12
DA:51,19
DA:52,0
DA:54,19
DA:56,0
DA:58,19
DA:63,8
LF:33
LH:31
BRDA:7,0,0,1
BRDA:7,0,1,7
BRDA:15,1,0,7
BRDA:15,1,1,7
BRDA:15,1,2,5
BRDA:15,1,3,6
BRDA:15,1,4,5
BRDA:15,1,5,6
BRDA:15,1,6,19
BRDA:18,2,0,1
BRDA:18,2,1,6
BRDA:27,3,0,1
BRDA:27,3,1,5
BRDA:36,4,0,1
BRDA:36,4,1,5
BRDA:44,5,0,19
BRDA:44,5,1,0
BRDA:44,6,0,19
BRDA:44,6,1,19
BRDA:45,7,0,12
BRDA:45,7,1,7
BRDA:48,8,0,12
BRDA:48,8,1,7
BRDA:51,9,0,0
BRDA:51,9,1,19
BRF:25
BRH:23
end_of_record
TN:
SF:lib/streams.mjs
FN:5,(anonymous_0)
FN:10,(anonymous_1)
FN:11,(anonymous_2)
FN:20,(anonymous_3)
FN:22,(anonymous_4)
FN:30,(anonymous_5)
FN:32,(anonymous_6)
FN:41,(anonymous_7)
FN:45,(anonymous_8)
FNF:9
FNH:2
FNDA:1,(anonymous_0)
FNDA:0,(anonymous_1)
FNDA:0,(anonymous_2)
FNDA:0,(anonymous_3)
FNDA:0,(anonymous_4)
FNDA:0,(anonymous_5)
FNDA:0,(anonymous_6)
FNDA:1,(anonymous_7)
FNDA:0,(anonymous_8)
DA:6,1
DA:7,1
DA:8,1
DA:11,0
DA:12,0
DA:13,0
DA:15,0
DA:16,0
DA:21,0
DA:22,0
DA:23,0
DA:24,0
DA:26,0
DA:31,0
DA:32,0
DA:34,0
DA:42,1
DA:43,1
DA:46,0
DA:47,0
DA:48,0
DA:49,0
DA:51,0
DA:53,0
DA:54,0
DA:55,0
DA:56,0
DA:57,0
DA:58,0
DA:59,0
DA:61,0
DA:64,0
DA:66,0
DA:67,0
DA:68,0
DA:69,0
DA:70,0
DA:71,0
DA:72,0
DA:74,0
DA:77,0
DA:79,0
DA:80,0
DA:81,0
DA:82,0
DA:83,0
DA:84,0
DA:85,0
DA:87,0
DA:90,0
DA:92,0
DA:93,0
DA:94,0
DA:95,0
DA:96,0
DA:97,0
DA:98,0
DA:100,0
DA:103,0
DA:105,0
DA:106,0
DA:107,0
DA:108,0
DA:109,0
DA:110,0
DA:111,0
DA:113,0
DA:116,0
DA:119,0
DA:120,0
LF:70
LH:5
BRDA:12,0,0,0
BRDA:12,0,1,0
BRDA:23,1,0,0
BRDA:23,1,1,0
BRDA:26,2,0,0
BRDA:26,2,1,0
BRDA:31,3,0,0
BRDA:31,3,1,0
BRDA:32,4,0,0
BRDA:32,4,1,0
BRDA:51,5,0,0
BRDA:51,5,1,0
BRDA:51,5,2,0
BRDA:51,5,3,0
BRDA:51,5,4,0
BRDA:54,6,0,0
BRDA:54,6,1,0
BRDA:56,7,0,0
BRDA:56,7,1,0
BRDA:57,8,0,0
BRDA:57,8,1,0
BRDA:59,9,0,0
BRDA:59,9,1,0
BRDA:67,10,0,0
BRDA:67,10,1,0
BRDA:69,11,0,0
BRDA:69,11,1,0
BRDA:70,12,0,0
BRDA:70,12,1,0
BRDA:72,13,0,0
BRDA:72,13,1,0
BRDA:80,14,0,0
BRDA:80,14,1,0
BRDA:83,15,0,0
BRDA:83,15,1,0
BRDA:93,16,0,0
BRDA:93,16,1,0
BRDA:96,17,0,0
BRDA:96,17,1,0
BRDA:106,18,0,0
BRDA:106,18,1,0
BRDA:109,19,0,0
BRDA:109,19,1,0
BRF:43
BRH:0
end_of_record
