TN:
SF:lib/check.mjs
FN:3,checkConfig
FN:8,(anonymous_1)
FN:17,checkExistFile
FNF:3
FNH:3
FNDA:1,checkConfig
FNDA:1,(anonymous_1)
FNDA:2,checkExistFile
DA:4,1
DA:5,1
DA:6,1
DA:8,1
DA:9,1
DA:10,1
DA:14,1
DA:18,2
LF:8
LH:8
BRDA:9,0,0,1
BRDA:9,0,1,0
BRF:2
BRH:1
end_of_record
TN:
SF:lib/getProps.mjs
FN:1,getOptions
FNF:1
FNH:1
FNDA:8,getOptions
DA:3,8
DA:7,8
DA:8,1
DA:11,7
DA:13,7
DA:14,38
DA:15,38
DA:18,7
DA:19,1
DA:21,7
DA:22,7
DA:23,7
DA:27,6
DA:28,1
DA:30,6
DA:31,6
DA:32,6
DA:36,6
DA:37,1
DA:39,6
DA:40,6
DA:41,6
DA:44,19
DA:45,19
DA:46,12
DA:48,19
DA:49,12
DA:51,19
DA:52,0
DA:54,19
DA:56,0
DA:58,19
DA:63,8
LF:33
LH:31
BRDA:7,0,0,1
BRDA:7,0,1,7
BRDA:15,1,0,7
BRDA:15,1,1,7
BRDA:15,1,2,5
BRDA:15,1,3,6
BRDA:15,1,4,5
BRDA:15,1,5,6
BRDA:15,1,6,19
BRDA:18,2,0,1
BRDA:18,2,1,6
BRDA:27,3,0,1
BRDA:27,3,1,5
BRDA:36,4,0,1
BRDA:36,4,1,5
BRDA:44,5,0,19
BRDA:44,5,1,0
BRDA:44,6,0,19
BRDA:44,6,1,19
BRDA:45,7,0,12
BRDA:45,7,1,7
BRDA:48,8,0,12
BRDA:48,8,1,7
BRDA:51,9,0,0
BRDA:51,9,1,19
BRF:25
BRH:23
end_of_record
